<?xml version="1.0" encoding="UTF-8"?>
<testng-results ignored="0" total="1" passed="1" failed="0" skipped="0">
  <reporter-output>
  </reporter-output>
  <suite started-at="2022-10-10T16:56:41 IST" name="Default suite" finished-at="2022-10-10T16:56:41 IST" duration-ms="40">
    <groups>
    </groups>
    <test started-at="2022-10-10T16:56:41 IST" name="Default test" finished-at="2022-10-10T16:56:41 IST" duration-ms="40">
      <class name="com.Organisation.Dummy_class">
        <test-method signature="dunnymethod()[pri:0, instance:com.Organisation.Dummy_class@2accdbb5]" started-at="2022-10-10T16:56:41 IST" name="dunnymethod" finished-at="2022-10-10T16:56:41 IST" duration-ms="10" status="PASS">
          <reporter-output>
          </reporter-output>
        </test-method> <!-- dunnymethod -->
      </class> <!-- com.Organisation.Dummy_class -->
    </test> <!-- Default test -->
  </suite> <!-- Default suite -->
</testng-results>
