<?xml version="1.0" encoding="UTF-8"?>
<!-- Generated by org.testng.reporters.JUnitXMLReporter -->
<testsuite ignored="0" hostname="LAPTOP-EUBDL8MT" failures="0" tests="4" name="Test" time="0.047" errors="0" timestamp="2022-08-14T17:40:55 IST">
  <testcase classname="classone.Test_Demo" name="demoTest" time="0.008"/>
  <testcase classname="com.actitimetestscript.DemoTestNg" name="createmodule" time="0.001"/>
  <testcase classname="com.actitimetestscript.DemoTestNg" name="modifycustomer" time="0.0"/>
  <testcase classname="com.actitimetestscript.DemoTestNg" name="customerModule" time="0.001"/>
</testsuite> <!-- Test -->
